2020-05-29T13:00:31Z INFO Librepo version: 1.11.3 with CURL_GLOBAL_ACK_EINTR support (libcurl/7.66.0 OpenSSL/1.1.1d-fips zlib/1.2.11 brotli/1.0.7 libidn2/2.3.0 libpsl/0.21.0 (+libidn2/2.2.0) libssh/0.9.4/openssl/zlib nghttp2/1.40.0)
2020-05-29T13:00:31Z INFO Librepo version: 1.11.3 with CURL_GLOBAL_ACK_EINTR support (libcurl/7.66.0 OpenSSL/1.1.1d-fips zlib/1.2.11 brotli/1.0.7 libidn2/2.3.0 libpsl/0.21.0 (+libidn2/2.2.0) libssh/0.9.4/openssl/zlib nghttp2/1.40.0)
2020-05-29T13:00:31Z INFO Downloading: https://download.copr-dev.fedorainfracloud.org/results/@copr/TEST1575431880356948981Project10/fedora-30-x86_64/repodata/repomd.xml
2020-05-29T13:00:32Z INFO Downloading: https://download.copr-dev.fedorainfracloud.org/results/@copr/TEST1575431880356948981Project10/fedora-30-x86_64/repodata/1cb61ea996355add02b1426ed4c1780ea75ce0c04c5d1107c025c3fbd7d8bcae-primary.xml.gz
2020-05-29T13:00:32Z INFO Downloading: https://download.copr-dev.fedorainfracloud.org/results/@copr/TEST1575431880356948981Project10/fedora-30-x86_64/repodata/95a4415d859d7120efb6b3cf964c07bebbff9a5275ca673e6e74a97bcbfb2a5f-filelists.xml.gz
2020-05-29T13:00:32Z INFO Downloading: https://mirrors.fedoraproject.org/metalink?repo=fedora-30&arch=x86_64
2020-05-29T13:00:32Z INFO Downloading: https://d2lzkl7pfhq30w.cloudfront.net/pub/fedora/linux/releases/30/Everything/x86_64/os/repodata/repomd.xml
2020-05-29T13:00:32Z INFO Downloading: https://d2lzkl7pfhq30w.cloudfront.net/pub/fedora/linux/releases/30/Everything/x86_64/os/repodata/5fe8d8b1ea51dfc76231dcd923581e8654b270b99f478df97e464d5a8984883e-primary.xml.zck
2020-05-29T13:00:32Z INFO Downloading: https://d2lzkl7pfhq30w.cloudfront.net/pub/fedora/linux/releases/30/Everything/x86_64/os/repodata/7f6d70fd83b7294baa770d35a8f514c22d182a44a0d07466b543de476d5b98f0-filelists.xml.zck
2020-05-29T13:00:32Z INFO Downloading: https://d2lzkl7pfhq30w.cloudfront.net/pub/fedora/linux/releases/30/Everything/x86_64/os/repodata/62bac009b415e09f578d9427a630d0b0f4f3ad4d28dc60bf4eb581c72240640e-comps-Everything.x86_64.xml.zck
2020-05-29T13:00:32Z INFO Downloading: https://d2lzkl7pfhq30w.cloudfront.net/pub/fedora/linux/releases/30/Everything/x86_64/os/repodata/5fe8d8b1ea51dfc76231dcd923581e8654b270b99f478df97e464d5a8984883e-primary.xml.zck
2020-05-29T13:00:33Z INFO Downloading: https://d2lzkl7pfhq30w.cloudfront.net/pub/fedora/linux/releases/30/Everything/x86_64/os/repodata/7f6d70fd83b7294baa770d35a8f514c22d182a44a0d07466b543de476d5b98f0-filelists.xml.zck
2020-05-29T13:00:34Z INFO Downloading: https://d2lzkl7pfhq30w.cloudfront.net/pub/fedora/linux/releases/30/Everything/x86_64/os/repodata/62bac009b415e09f578d9427a630d0b0f4f3ad4d28dc60bf4eb581c72240640e-comps-Everything.x86_64.xml.zck
2020-05-29T13:00:56Z INFO Downloading: https://mirrors.fedoraproject.org/metalink?repo=updates-released-f30&arch=x86_64
2020-05-29T13:00:56Z INFO Downloading: https://d2lzkl7pfhq30w.cloudfront.net/pub/fedora/linux/updates/30/Everything/x86_64/repodata/repomd.xml
2020-05-29T13:00:56Z INFO Downloading: https://d2lzkl7pfhq30w.cloudfront.net/pub/fedora/linux/updates/30/Everything/x86_64/repodata/689adace7d169ac442d43cf9fa937bebda1b307679816cc646974286c9f596ba-primary.xml.zck
2020-05-29T13:00:56Z INFO Downloading: https://d2lzkl7pfhq30w.cloudfront.net/pub/fedora/linux/updates/30/Everything/x86_64/repodata/fd7d255f515696fb1f58105c63bf58093f22a3c82e911dd8e54ae98ba37d1148-filelists.xml.zck
2020-05-29T13:00:56Z INFO Downloading: https://d2lzkl7pfhq30w.cloudfront.net/pub/fedora/linux/updates/30/Everything/x86_64/repodata/ced590583f1ca9868793c0baf7c71e36000c1d1d0e239ea8cfd517bbd234f01d-comps-Everything.x86_64.xml.gz
2020-05-29T13:00:56Z INFO Downloading: https://d2lzkl7pfhq30w.cloudfront.net/pub/fedora/linux/updates/30/Everything/x86_64/repodata/689adace7d169ac442d43cf9fa937bebda1b307679816cc646974286c9f596ba-primary.xml.zck
2020-05-29T13:00:56Z INFO Downloading: https://d2lzkl7pfhq30w.cloudfront.net/pub/fedora/linux/updates/30/Everything/x86_64/repodata/fd7d255f515696fb1f58105c63bf58093f22a3c82e911dd8e54ae98ba37d1148-filelists.xml.zck
2020-05-29T13:00:57Z INFO Downloading: https://d2lzkl7pfhq30w.cloudfront.net/pub/fedora/linux/updates/30/Everything/x86_64/repodata/2237a877f1bde8cf45e82bdab78c231102da8be8d04804048292670037900534-prestodelta.xml.zck
2020-05-29T13:00:57Z INFO Downloading: https://d2lzkl7pfhq30w.cloudfront.net/pub/fedora/linux/updates/30/Everything/x86_64/repodata/c78f5c3f945e95366d0f9f6b210455aa0d3b368fbc71c5abd90b09791bc36582-updateinfo.xml.zck
2020-05-29T13:00:57Z INFO Downloading: https://d2lzkl7pfhq30w.cloudfront.net/pub/fedora/linux/updates/30/Everything/x86_64/repodata/c78f5c3f945e95366d0f9f6b210455aa0d3b368fbc71c5abd90b09791bc36582-updateinfo.xml.zck
2020-05-29T13:01:08Z INFO Downloading: https://mirrors.fedoraproject.org/metalink?repo=fedora-30&arch=x86_64
2020-05-29T13:01:09Z INFO Downloading: https://mirrors.fedoraproject.org/metalink?repo=updates-released-f30&arch=x86_64
2020-05-29T13:01:09Z INFO Downloading: https://d2lzkl7pfhq30w.cloudfront.net/pub/fedora/linux/releases/30/Everything/x86_64/os/Packages/a/alternatives-1.11-4.fc30.x86_64.rpm
2020-05-29T13:01:09Z INFO Downloading: https://d2lzkl7pfhq30w.cloudfront.net/pub/fedora/linux/releases/30/Everything/x86_64/os/Packages/b/basesystem-11-7.fc30.noarch.rpm
2020-05-29T13:01:09Z INFO Downloading: https://d2lzkl7pfhq30w.cloudfront.net/pub/fedora/linux/releases/30/Everything/x86_64/os/Packages/b/brotli-1.0.7-3.fc30.x86_64.rpm
2020-05-29T13:01:09Z INFO Downloading: https://d2lzkl7pfhq30w.cloudfront.net/pub/fedora/linux/releases/30/Everything/x86_64/os/Packages/b/bzip2-1.0.6-29.fc30.x86_64.rpm
2020-05-29T13:01:09Z INFO Downloading: https://d2lzkl7pfhq30w.cloudfront.net/pub/fedora/linux/releases/30/Everything/x86_64/os/Packages/b/bzip2-libs-1.0.6-29.fc30.x86_64.rpm
2020-05-29T13:01:09Z INFO Downloading: https://d2lzkl7pfhq30w.cloudfront.net/pub/fedora/linux/releases/30/Everything/x86_64/os/Packages/c/cpio-2.12-10.fc30.x86_64.rpm
2020-05-29T13:01:09Z INFO Downloading: https://d2lzkl7pfhq30w.cloudfront.net/pub/fedora/linux/releases/30/Everything/x86_64/os/Packages/c/cracklib-2.9.6-19.fc30.x86_64.rpm
2020-05-29T13:01:09Z INFO Downloading: https://d2lzkl7pfhq30w.cloudfront.net/pub/fedora/linux/releases/30/Everything/x86_64/os/Packages/c/ctags-5.8-25.fc30.x86_64.rpm
2020-05-29T13:01:09Z INFO Downloading: https://d2lzkl7pfhq30w.cloudfront.net/pub/fedora/linux/releases/30/Everything/x86_64/os/Packages/c/cyrus-sasl-lib-2.1.27-0.6rc7.fc30.x86_64.rpm
2020-05-29T13:01:09Z INFO Downloading: https://d2lzkl7pfhq30w.cloudfront.net/pub/fedora/linux/releases/30/Everything/x86_64/os/Packages/d/diffutils-3.7-2.fc30.x86_64.rpm
2020-05-29T13:01:09Z INFO Downloading: https://d2lzkl7pfhq30w.cloudfront.net/pub/fedora/linux/releases/30/Everything/x86_64/os/Packages/d/dwz-0.12-10.fc30.x86_64.rpm
2020-05-29T13:01:09Z INFO Downloading: https://d2lzkl7pfhq30w.cloudfront.net/pub/fedora/linux/releases/30/Everything/x86_64/os/Packages/e/efi-srpm-macros-4-2.fc30.noarch.rpm
2020-05-29T13:01:09Z INFO Downloading: https://d2lzkl7pfhq30w.cloudfront.net/pub/fedora/linux/releases/30/Everything/x86_64/os/Packages/f/filesystem-3.10-1.fc30.x86_64.rpm
2020-05-29T13:01:09Z INFO Downloading: https://d2lzkl7pfhq30w.cloudfront.net/pub/fedora/linux/releases/30/Everything/x86_64/os/Packages/f/findutils-4.6.0-22.fc30.x86_64.rpm
2020-05-29T13:01:09Z INFO Downloading: https://d2lzkl7pfhq30w.cloudfront.net/pub/fedora/linux/releases/30/Everything/x86_64/os/Packages/f/fpc-srpm-macros-1.2-1.fc30.noarch.rpm
2020-05-29T13:01:09Z INFO Downloading: https://d2lzkl7pfhq30w.cloudfront.net/pub/fedora/linux/releases/30/Everything/x86_64/os/Packages/g/gawk-4.2.1-6.fc30.x86_64.rpm
2020-05-29T13:01:09Z INFO Downloading: https://d2lzkl7pfhq30w.cloudfront.net/pub/fedora/linux/releases/30/Everything/x86_64/os/Packages/g/gc-7.6.4-5.fc30.x86_64.rpm
2020-05-29T13:01:09Z INFO Downloading: https://d2lzkl7pfhq30w.cloudfront.net/pub/fedora/linux/releases/30/Everything/x86_64/os/Packages/g/gdbm-libs-1.18-4.fc30.x86_64.rpm
2020-05-29T13:01:09Z INFO Downloading: https://d2lzkl7pfhq30w.cloudfront.net/pub/fedora/linux/releases/30/Everything/x86_64/os/Packages/g/ghc-srpm-macros-1.4.2-9.fc30.noarch.rpm
2020-05-29T13:01:09Z INFO Downloading: https://d2lzkl7pfhq30w.cloudfront.net/pub/fedora/linux/releases/30/Everything/x86_64/os/Packages/g/gmp-6.1.2-10.fc30.x86_64.rpm
2020-05-29T13:01:09Z INFO Downloading: https://d2lzkl7pfhq30w.cloudfront.net/pub/fedora/linux/releases/30/Everything/x86_64/os/Packages/g/gnat-srpm-macros-4-9.fc30.noarch.rpm
2020-05-29T13:01:09Z INFO Downloading: https://d2lzkl7pfhq30w.cloudfront.net/pub/fedora/linux/releases/30/Everything/x86_64/os/Packages/g/go-srpm-macros-2-19.fc30.noarch.rpm
2020-05-29T13:01:09Z INFO Downloading: https://d2lzkl7pfhq30w.cloudfront.net/pub/fedora/linux/releases/30/Everything/x86_64/os/Packages/g/grep-3.1-9.fc30.x86_64.rpm
2020-05-29T13:01:09Z INFO Downloading: https://d2lzkl7pfhq30w.cloudfront.net/pub/fedora/linux/releases/30/Everything/x86_64/os/Packages/g/guile22-2.2.4-3.fc30.x86_64.rpm
2020-05-29T13:01:09Z INFO Downloading: https://d2lzkl7pfhq30w.cloudfront.net/pub/fedora/linux/releases/30/Everything/x86_64/os/Packages/g/gzip-1.9-9.fc30.x86_64.rpm
2020-05-29T13:01:09Z INFO Downloading: https://d2lzkl7pfhq30w.cloudfront.net/pub/fedora/linux/releases/30/Everything/x86_64/os/Packages/i/info-6.6-1.fc30.x86_64.rpm
2020-05-29T13:01:09Z INFO Downloading: https://d2lzkl7pfhq30w.cloudfront.net/pub/fedora/linux/releases/30/Everything/x86_64/os/Packages/k/keyutils-libs-1.6-2.fc30.x86_64.rpm
2020-05-29T13:01:09Z INFO Downloading: https://d2lzkl7pfhq30w.cloudfront.net/pub/fedora/linux/releases/30/Everything/x86_64/os/Packages/l/libacl-2.2.53-3.fc30.x86_64.rpm
2020-05-29T13:01:09Z INFO Downloading: https://d2lzkl7pfhq30w.cloudfront.net/pub/fedora/linux/releases/30/Everything/x86_64/os/Packages/l/libatomic_ops-7.6.6-2.fc30.x86_64.rpm
2020-05-29T13:01:09Z INFO Downloading: https://d2lzkl7pfhq30w.cloudfront.net/pub/fedora/linux/releases/30/Everything/x86_64/os/Packages/l/libattr-2.4.48-5.fc30.x86_64.rpm
2020-05-29T13:01:09Z INFO Downloading: https://d2lzkl7pfhq30w.cloudfront.net/pub/fedora/linux/releases/30/Everything/x86_64/os/Packages/l/libbabeltrace-1.5.6-2.fc30.x86_64.rpm
2020-05-29T13:01:09Z INFO Downloading: https://d2lzkl7pfhq30w.cloudfront.net/pub/fedora/linux/releases/30/Everything/x86_64/os/Packages/l/libcap-2.26-5.fc30.x86_64.rpm
2020-05-29T13:01:09Z INFO Downloading: https://d2lzkl7pfhq30w.cloudfront.net/pub/fedora/linux/releases/30/Everything/x86_64/os/Packages/l/libcap-ng-0.7.9-7.fc30.x86_64.rpm
2020-05-29T13:01:09Z INFO Downloading: https://d2lzkl7pfhq30w.cloudfront.net/pub/fedora/linux/releases/30/Everything/x86_64/os/Packages/l/libdb-5.3.28-37.fc30.x86_64.rpm
2020-05-29T13:01:09Z INFO Downloading: https://d2lzkl7pfhq30w.cloudfront.net/pub/fedora/linux/releases/30/Everything/x86_64/os/Packages/l/libdb-utils-5.3.28-37.fc30.x86_64.rpm
2020-05-29T13:01:09Z INFO Downloading: https://d2lzkl7pfhq30w.cloudfront.net/pub/fedora/linux/releases/30/Everything/x86_64/os/Packages/l/libffi-3.1-19.fc30.x86_64.rpm
2020-05-29T13:01:09Z INFO Downloading: https://d2lzkl7pfhq30w.cloudfront.net/pub/fedora/linux/releases/30/Everything/x86_64/os/Packages/l/libgpg-error-1.33-2.fc30.x86_64.rpm
2020-05-29T13:01:09Z INFO Downloading: https://d2lzkl7pfhq30w.cloudfront.net/pub/fedora/linux/releases/30/Everything/x86_64/os/Packages/l/libipt-2.0-2.fc30.x86_64.rpm
2020-05-29T13:01:09Z INFO Downloading: https://d2lzkl7pfhq30w.cloudfront.net/pub/fedora/linux/releases/30/Everything/x86_64/os/Packages/l/libmetalink-0.1.3-8.fc30.x86_64.rpm
2020-05-29T13:01:09Z INFO Downloading: https://d2lzkl7pfhq30w.cloudfront.net/pub/fedora/linux/releases/30/Everything/x86_64/os/Packages/l/libnsl2-1.2.0-4.20180605git4a062cf.fc30.x86_64.rpm
2020-05-29T13:01:09Z INFO Downloading: https://d2lzkl7pfhq30w.cloudfront.net/pub/fedora/linux/releases/30/Everything/x86_64/os/Packages/l/libpkgconf-1.6.1-1.fc30.x86_64.rpm
2020-05-29T13:01:09Z INFO Downloading: https://d2lzkl7pfhq30w.cloudfront.net/pub/fedora/linux/releases/30/Everything/x86_64/os/Packages/l/libpsl-0.20.2-6.fc30.x86_64.rpm
2020-05-29T13:01:09Z INFO Downloading: https://d2lzkl7pfhq30w.cloudfront.net/pub/fedora/linux/releases/30/Everything/x86_64/os/Packages/l/libpwquality-1.4.0-12.fc30.x86_64.rpm
2020-05-29T13:01:09Z INFO Downloading: https://d2lzkl7pfhq30w.cloudfront.net/pub/fedora/linux/releases/30/Everything/x86_64/os/Packages/l/libsemanage-2.9-1.fc30.x86_64.rpm
2020-05-29T13:01:09Z INFO Downloading: https://d2lzkl7pfhq30w.cloudfront.net/pub/fedora/linux/releases/30/Everything/x86_64/os/Packages/l/libsepol-2.9-1.fc30.x86_64.rpm
2020-05-29T13:01:09Z INFO Downloading: https://d2lzkl7pfhq30w.cloudfront.net/pub/fedora/linux/releases/30/Everything/x86_64/os/Packages/l/libsigsegv-2.11-7.fc30.x86_64.rpm
2020-05-29T13:01:09Z INFO Downloading: https://d2lzkl7pfhq30w.cloudfront.net/pub/fedora/linux/releases/30/Everything/x86_64/os/Packages/l/libtasn1-4.13-7.fc30.x86_64.rpm
2020-05-29T13:01:09Z INFO Downloading: https://d2lzkl7pfhq30w.cloudfront.net/pub/fedora/linux/releases/30/Everything/x86_64/os/Packages/l/libtool-ltdl-2.4.6-29.fc30.x86_64.rpm
2020-05-29T13:01:09Z INFO Downloading: https://d2lzkl7pfhq30w.cloudfront.net/pub/fedora/linux/releases/30/Everything/x86_64/os/Packages/l/libunistring-0.9.10-5.fc30.x86_64.rpm
2020-05-29T13:01:09Z INFO Downloading: https://d2lzkl7pfhq30w.cloudfront.net/pub/fedora/linux/releases/30/Everything/x86_64/os/Packages/l/libutempter-1.1.6-16.fc30.x86_64.rpm
2020-05-29T13:01:09Z INFO Downloading: https://d2lzkl7pfhq30w.cloudfront.net/pub/fedora/linux/releases/30/Everything/x86_64/os/Packages/l/libverto-0.3.0-7.fc30.x86_64.rpm
2020-05-29T13:01:09Z INFO Downloading: https://d2lzkl7pfhq30w.cloudfront.net/pub/fedora/linux/releases/30/Everything/x86_64/os/Packages/l/lua-libs-5.3.5-5.fc30.x86_64.rpm
2020-05-29T13:01:09Z INFO Downloading: https://d2lzkl7pfhq30w.cloudfront.net/pub/fedora/linux/releases/30/Everything/x86_64/os/Packages/m/mpfr-3.1.6-4.fc30.x86_64.rpm
2020-05-29T13:01:09Z INFO Downloading: https://d2lzkl7pfhq30w.cloudfront.net/pub/fedora/linux/releases/30/Everything/x86_64/os/Packages/n/ncurses-6.1-10.20180923.fc30.x86_64.rpm
2020-05-29T13:01:09Z INFO Downloading: https://d2lzkl7pfhq30w.cloudfront.net/pub/fedora/linux/releases/30/Everything/x86_64/os/Packages/n/ncurses-base-6.1-10.20180923.fc30.noarch.rpm
2020-05-29T13:01:09Z INFO Downloading: https://d2lzkl7pfhq30w.cloudfront.net/pub/fedora/linux/releases/30/Everything/x86_64/os/Packages/n/ncurses-libs-6.1-10.20180923.fc30.x86_64.rpm
2020-05-29T13:01:09Z INFO Downloading: https://d2lzkl7pfhq30w.cloudfront.net/pub/fedora/linux/releases/30/Everything/x86_64/os/Packages/o/ocaml-srpm-macros-5-5.fc30.noarch.rpm
2020-05-29T13:01:09Z INFO Downloading: https://d2lzkl7pfhq30w.cloudfront.net/pub/fedora/linux/releases/30/Everything/x86_64/os/Packages/o/openblas-srpm-macros-2-5.fc30.noarch.rpm
2020-05-29T13:01:09Z INFO Downloading: https://d2lzkl7pfhq30w.cloudfront.net/pub/fedora/linux/releases/30/Everything/x86_64/os/Packages/o/openldap-2.4.47-1.fc30.x86_64.rpm
2020-05-29T13:01:09Z INFO Downloading: https://d2lzkl7pfhq30w.cloudfront.net/pub/fedora/linux/releases/30/Everything/x86_64/os/Packages/p/pam-1.3.1-17.fc30.x86_64.rpm
2020-05-29T13:01:09Z INFO Downloading: https://d2lzkl7pfhq30w.cloudfront.net/pub/fedora/linux/releases/30/Everything/x86_64/os/Packages/p/perl-srpm-macros-1-29.fc30.noarch.rpm
2020-05-29T13:01:09Z INFO Downloading: https://d2lzkl7pfhq30w.cloudfront.net/pub/fedora/linux/releases/30/Everything/x86_64/os/Packages/p/pkgconf-1.6.1-1.fc30.x86_64.rpm
2020-05-29T13:01:09Z INFO Downloading: https://d2lzkl7pfhq30w.cloudfront.net/pub/fedora/linux/releases/30/Everything/x86_64/os/Packages/p/pkgconf-m4-1.6.1-1.fc30.noarch.rpm
2020-05-29T13:01:09Z INFO Downloading: https://d2lzkl7pfhq30w.cloudfront.net/pub/fedora/linux/releases/30/Everything/x86_64/os/Packages/p/pkgconf-pkg-config-1.6.1-1.fc30.x86_64.rpm
2020-05-29T13:01:09Z INFO Downloading: https://d2lzkl7pfhq30w.cloudfront.net/pub/fedora/linux/releases/30/Everything/x86_64/os/Packages/p/popt-1.16-17.fc30.x86_64.rpm
2020-05-29T13:01:09Z INFO Downloading: https://d2lzkl7pfhq30w.cloudfront.net/pub/fedora/linux/releases/30/Everything/x86_64/os/Packages/p/publicsuffix-list-dafsa-20190128-2.fc30.noarch.rpm
2020-05-29T13:01:09Z INFO Downloading: https://d2lzkl7pfhq30w.cloudfront.net/pub/fedora/linux/releases/30/Everything/x86_64/os/Packages/r/readline-8.0-2.fc30.x86_64.rpm
2020-05-29T13:01:09Z INFO Downloading: https://d2lzkl7pfhq30w.cloudfront.net/pub/fedora/linux/releases/30/Everything/x86_64/os/Packages/s/sed-4.5-3.fc30.x86_64.rpm
2020-05-29T13:01:09Z INFO Downloading: https://d2lzkl7pfhq30w.cloudfront.net/pub/fedora/linux/releases/30/Everything/x86_64/os/Packages/t/tar-1.32-1.fc30.x86_64.rpm
2020-05-29T13:01:09Z INFO Downloading: https://d2lzkl7pfhq30w.cloudfront.net/pub/fedora/linux/releases/30/Everything/x86_64/os/Packages/u/unzip-6.0-43.fc30.x86_64.rpm
2020-05-29T13:01:09Z INFO Downloading: https://d2lzkl7pfhq30w.cloudfront.net/pub/fedora/linux/releases/30/Everything/x86_64/os/Packages/w/which-2.21-14.fc30.x86_64.rpm
2020-05-29T13:01:09Z INFO Downloading: https://d2lzkl7pfhq30w.cloudfront.net/pub/fedora/linux/releases/30/Everything/x86_64/os/Packages/x/xz-5.2.4-5.fc30.x86_64.rpm
2020-05-29T13:01:09Z INFO Downloading: https://d2lzkl7pfhq30w.cloudfront.net/pub/fedora/linux/releases/30/Everything/x86_64/os/Packages/x/xz-libs-5.2.4-5.fc30.x86_64.rpm
2020-05-29T13:01:09Z INFO Downloading: https://d2lzkl7pfhq30w.cloudfront.net/pub/fedora/linux/releases/30/Everything/x86_64/os/Packages/z/zip-3.0-24.fc30.x86_64.rpm
2020-05-29T13:01:09Z INFO Downloading: https://d2lzkl7pfhq30w.cloudfront.net/pub/fedora/linux/updates/30/Everything/x86_64/Packages/a/audit-libs-3.0-0.15.20191104git1c2f876.fc30.x86_64.rpm
2020-05-29T13:01:09Z INFO Downloading: https://d2lzkl7pfhq30w.cloudfront.net/pub/fedora/linux/updates/30/Everything/x86_64/Packages/b/bash-5.0.11-1.fc30.x86_64.rpm
2020-05-29T13:01:09Z INFO Downloading: https://d2lzkl7pfhq30w.cloudfront.net/pub/fedora/linux/updates/30/Everything/x86_64/Packages/b/binutils-2.31.1-37.fc30.x86_64.rpm
2020-05-29T13:01:09Z INFO Downloading: https://d2lzkl7pfhq30w.cloudfront.net/pub/fedora/linux/updates/30/Everything/x86_64/Packages/b/boost-regex-1.69.0-9.fc30.x86_64.rpm
2020-05-29T13:01:09Z INFO Downloading: https://d2lzkl7pfhq30w.cloudfront.net/pub/fedora/linux/updates/30/Everything/x86_64/Packages/c/ca-certificates-2020.2.40-1.1.fc30.noarch.rpm
2020-05-29T13:01:09Z INFO Downloading: https://d2lzkl7pfhq30w.cloudfront.net/pub/fedora/linux/updates/30/Everything/x86_64/Packages/c/coreutils-8.31-6.fc30.x86_64.rpm
2020-05-29T13:01:09Z INFO Downloading: https://d2lzkl7pfhq30w.cloudfront.net/pub/fedora/linux/updates/30/Everything/x86_64/Packages/c/coreutils-common-8.31-6.fc30.x86_64.rpm
2020-05-29T13:01:09Z INFO Downloading: https://d2lzkl7pfhq30w.cloudfront.net/pub/fedora/linux/updates/30/Everything/x86_64/Packages/c/crypto-policies-20190527-1.git0b3add8.fc30.noarch.rpm
2020-05-29T13:01:09Z INFO Downloading: https://d2lzkl7pfhq30w.cloudfront.net/pub/fedora/linux/updates/30/Everything/x86_64/Packages/c/curl-7.65.3-4.fc30.x86_64.rpm
2020-05-29T13:01:09Z INFO Downloading: https://d2lzkl7pfhq30w.cloudfront.net/pub/fedora/linux/updates/30/Everything/x86_64/Packages/e/elfutils-0.179-2.fc30.x86_64.rpm
2020-05-29T13:01:09Z INFO Downloading: https://d2lzkl7pfhq30w.cloudfront.net/pub/fedora/linux/updates/30/Everything/x86_64/Packages/e/elfutils-default-yama-scope-0.179-2.fc30.noarch.rpm
2020-05-29T13:01:09Z INFO Downloading: https://d2lzkl7pfhq30w.cloudfront.net/pub/fedora/linux/updates/30/Everything/x86_64/Packages/e/elfutils-libelf-0.179-2.fc30.x86_64.rpm
2020-05-29T13:01:09Z INFO Downloading: https://d2lzkl7pfhq30w.cloudfront.net/pub/fedora/linux/updates/30/Everything/x86_64/Packages/e/elfutils-libs-0.179-2.fc30.x86_64.rpm
2020-05-29T13:01:09Z INFO Downloading: https://d2lzkl7pfhq30w.cloudfront.net/pub/fedora/linux/updates/30/Everything/x86_64/Packages/e/expat-2.2.8-1.fc30.x86_64.rpm
2020-05-29T13:01:09Z INFO Downloading: https://d2lzkl7pfhq30w.cloudfront.net/pub/fedora/linux/updates/30/Everything/x86_64/Packages/f/fedora-gpg-keys-30-4.noarch.rpm
2020-05-29T13:01:09Z INFO Downloading: https://d2lzkl7pfhq30w.cloudfront.net/pub/fedora/linux/updates/30/Everything/x86_64/Packages/f/fedora-release-30-6.noarch.rpm
2020-05-29T13:01:09Z INFO Downloading: https://d2lzkl7pfhq30w.cloudfront.net/pub/fedora/linux/updates/30/Everything/x86_64/Packages/f/fedora-release-common-30-6.noarch.rpm
2020-05-29T13:01:09Z INFO Downloading: https://d2lzkl7pfhq30w.cloudfront.net/pub/fedora/linux/updates/30/Everything/x86_64/Packages/f/fedora-repos-30-4.noarch.rpm
2020-05-29T13:01:09Z INFO Downloading: https://d2lzkl7pfhq30w.cloudfront.net/pub/fedora/linux/updates/30/Everything/x86_64/Packages/f/file-5.36-5.fc30.x86_64.rpm
2020-05-29T13:01:09Z INFO Downloading: https://d2lzkl7pfhq30w.cloudfront.net/pub/fedora/linux/updates/30/Everything/x86_64/Packages/f/file-libs-5.36-5.fc30.x86_64.rpm
2020-05-29T13:01:09Z INFO Downloading: https://d2lzkl7pfhq30w.cloudfront.net/pub/fedora/linux/updates/30/Everything/x86_64/Packages/g/gdb-headless-8.3-7.fc30.x86_64.rpm
2020-05-29T13:01:09Z INFO Downloading: https://d2lzkl7pfhq30w.cloudfront.net/pub/fedora/linux/updates/30/Everything/x86_64/Packages/g/glib2-2.60.7-3.fc30.x86_64.rpm
2020-05-29T13:01:09Z INFO Downloading: https://d2lzkl7pfhq30w.cloudfront.net/pub/fedora/linux/updates/30/Everything/x86_64/Packages/g/glibc-2.29-29.fc30.x86_64.rpm
2020-05-29T13:01:09Z INFO Downloading: https://d2lzkl7pfhq30w.cloudfront.net/pub/fedora/linux/updates/30/Everything/x86_64/Packages/g/glibc-common-2.29-29.fc30.x86_64.rpm
2020-05-29T13:01:10Z INFO Downloading: https://d2lzkl7pfhq30w.cloudfront.net/pub/fedora/linux/updates/30/Everything/x86_64/Packages/g/glibc-minimal-langpack-2.29-29.fc30.x86_64.rpm
2020-05-29T13:01:10Z INFO Downloading: https://d2lzkl7pfhq30w.cloudfront.net/pub/fedora/linux/updates/30/Everything/x86_64/Packages/k/krb5-libs-1.17-15.fc30.x86_64.rpm
2020-05-29T13:01:10Z INFO Downloading: https://d2lzkl7pfhq30w.cloudfront.net/pub/fedora/linux/updates/30/Everything/x86_64/Packages/l/libarchive-3.3.3-7.fc30.x86_64.rpm
2020-05-29T13:01:10Z INFO Downloading: https://d2lzkl7pfhq30w.cloudfront.net/pub/fedora/linux/updates/30/Everything/x86_64/Packages/l/libblkid-2.33.2-2.fc30.x86_64.rpm
2020-05-29T13:01:10Z INFO Downloading: https://d2lzkl7pfhq30w.cloudfront.net/pub/fedora/linux/updates/30/Everything/x86_64/Packages/l/libcom_err-1.44.6-2.fc30.x86_64.rpm
2020-05-29T13:01:10Z INFO Downloading: https://d2lzkl7pfhq30w.cloudfront.net/pub/fedora/linux/updates/30/Everything/x86_64/Packages/l/libcurl-7.65.3-4.fc30.x86_64.rpm
2020-05-29T13:01:10Z INFO Downloading: https://d2lzkl7pfhq30w.cloudfront.net/pub/fedora/linux/updates/30/Everything/x86_64/Packages/l/libfdisk-2.33.2-2.fc30.x86_64.rpm
2020-05-29T13:01:10Z INFO Downloading: https://d2lzkl7pfhq30w.cloudfront.net/pub/fedora/linux/updates/30/Everything/x86_64/Packages/l/libgcc-9.3.1-2.fc30.x86_64.rpm
2020-05-29T13:01:10Z INFO Downloading: https://d2lzkl7pfhq30w.cloudfront.net/pub/fedora/linux/updates/30/Everything/x86_64/Packages/l/libgcrypt-1.8.5-1.fc30.x86_64.rpm
2020-05-29T13:01:10Z INFO Downloading: https://d2lzkl7pfhq30w.cloudfront.net/pub/fedora/linux/updates/30/Everything/x86_64/Packages/l/libicu-63.2-2.fc30.x86_64.rpm
2020-05-29T13:01:10Z INFO Downloading: https://d2lzkl7pfhq30w.cloudfront.net/pub/fedora/linux/updates/30/Everything/x86_64/Packages/l/libidn2-2.3.0-1.fc30.x86_64.rpm
2020-05-29T13:01:10Z INFO Downloading: https://d2lzkl7pfhq30w.cloudfront.net/pub/fedora/linux/updates/30/Everything/x86_64/Packages/l/libmount-2.33.2-2.fc30.x86_64.rpm
2020-05-29T13:01:10Z INFO Downloading: https://d2lzkl7pfhq30w.cloudfront.net/pub/fedora/linux/updates/30/Everything/x86_64/Packages/l/libnghttp2-1.40.0-1.fc30.x86_64.rpm
2020-05-29T13:01:10Z INFO Downloading: https://d2lzkl7pfhq30w.cloudfront.net/pub/fedora/linux/updates/30/Everything/x86_64/Packages/l/libselinux-2.9-3.1.fc30.x86_64.rpm
2020-05-29T13:01:10Z INFO Downloading: https://d2lzkl7pfhq30w.cloudfront.net/pub/fedora/linux/updates/30/Everything/x86_64/Packages/l/libsmartcols-2.33.2-2.fc30.x86_64.rpm
2020-05-29T13:01:10Z INFO Downloading: https://d2lzkl7pfhq30w.cloudfront.net/pub/fedora/linux/updates/30/Everything/x86_64/Packages/l/libssh-0.9.3-1.fc30.x86_64.rpm
2020-05-29T13:01:10Z INFO Downloading: https://d2lzkl7pfhq30w.cloudfront.net/pub/fedora/linux/updates/30/Everything/x86_64/Packages/l/libssh-config-0.9.3-1.fc30.noarch.rpm
2020-05-29T13:01:10Z INFO Downloading: https://d2lzkl7pfhq30w.cloudfront.net/pub/fedora/linux/updates/30/Everything/x86_64/Packages/l/libstdc++-9.3.1-2.fc30.x86_64.rpm
2020-05-29T13:01:10Z INFO Downloading: https://d2lzkl7pfhq30w.cloudfront.net/pub/fedora/linux/updates/30/Everything/x86_64/Packages/l/libtirpc-1.2.6-0.fc30.x86_64.rpm
2020-05-29T13:01:10Z INFO Downloading: https://d2lzkl7pfhq30w.cloudfront.net/pub/fedora/linux/updates/30/Everything/x86_64/Packages/l/libuuid-2.33.2-2.fc30.x86_64.rpm
2020-05-29T13:01:10Z INFO Downloading: https://d2lzkl7pfhq30w.cloudfront.net/pub/fedora/linux/updates/30/Everything/x86_64/Packages/l/libxcrypt-4.4.16-3.fc30.x86_64.rpm
2020-05-29T13:01:10Z INFO Downloading: https://d2lzkl7pfhq30w.cloudfront.net/pub/fedora/linux/updates/30/Everything/x86_64/Packages/l/libxml2-2.9.10-3.fc30.x86_64.rpm
2020-05-29T13:01:10Z INFO Downloading: https://d2lzkl7pfhq30w.cloudfront.net/pub/fedora/linux/updates/30/Everything/x86_64/Packages/l/libzstd-1.4.4-1.fc30.x86_64.rpm
2020-05-29T13:01:10Z INFO Downloading: https://d2lzkl7pfhq30w.cloudfront.net/pub/fedora/linux/updates/30/Everything/x86_64/Packages/l/lz4-libs-1.9.1-1.fc30.x86_64.rpm
2020-05-29T13:01:10Z INFO Downloading: https://d2lzkl7pfhq30w.cloudfront.net/pub/fedora/linux/updates/30/Everything/x86_64/Packages/m/make-4.2.1-14.fc30.x86_64.rpm
2020-05-29T13:01:10Z INFO Downloading: https://d2lzkl7pfhq30w.cloudfront.net/pub/fedora/linux/updates/30/Everything/x86_64/Packages/n/nim-srpm-macros-2-1.fc30.noarch.rpm
2020-05-29T13:01:10Z INFO Downloading: https://d2lzkl7pfhq30w.cloudfront.net/pub/fedora/linux/updates/30/Everything/x86_64/Packages/o/openssl-libs-1.1.1g-1.fc30.x86_64.rpm
2020-05-29T13:01:10Z INFO Downloading: https://d2lzkl7pfhq30w.cloudfront.net/pub/fedora/linux/updates/30/Everything/x86_64/Packages/p/p11-kit-0.23.20-1.fc30.x86_64.rpm
2020-05-29T13:01:10Z INFO Downloading: https://d2lzkl7pfhq30w.cloudfront.net/pub/fedora/linux/updates/30/Everything/x86_64/Packages/p/p11-kit-trust-0.23.20-1.fc30.x86_64.rpm
2020-05-29T13:01:10Z INFO Downloading: https://d2lzkl7pfhq30w.cloudfront.net/pub/fedora/linux/updates/30/Everything/x86_64/Packages/p/patch-2.7.6-11.fc30.x86_64.rpm
2020-05-29T13:01:10Z INFO Downloading: https://d2lzkl7pfhq30w.cloudfront.net/pub/fedora/linux/updates/30/Everything/x86_64/Packages/p/pcre-8.44-1.fc30.x86_64.rpm
2020-05-29T13:01:10Z INFO Downloading: https://d2lzkl7pfhq30w.cloudfront.net/pub/fedora/linux/updates/30/Everything/x86_64/Packages/p/pcre2-10.34-9.fc30.x86_64.rpm
2020-05-29T13:01:10Z INFO Downloading: https://d2lzkl7pfhq30w.cloudfront.net/pub/fedora/linux/updates/30/Everything/x86_64/Packages/p/pcre2-syntax-10.34-9.fc30.noarch.rpm
2020-05-29T13:01:10Z INFO Downloading: https://d2lzkl7pfhq30w.cloudfront.net/pub/fedora/linux/updates/30/Everything/x86_64/Packages/p/python-pip-wheel-19.0.3-7.fc30.noarch.rpm
2020-05-29T13:01:10Z INFO Downloading: https://d2lzkl7pfhq30w.cloudfront.net/pub/fedora/linux/updates/30/Everything/x86_64/Packages/p/python-setuptools-wheel-40.8.0-2.fc30.noarch.rpm
2020-05-29T13:01:10Z INFO Downloading: https://d2lzkl7pfhq30w.cloudfront.net/pub/fedora/linux/updates/30/Everything/x86_64/Packages/p/python-srpm-macros-3-47.fc30.noarch.rpm
2020-05-29T13:01:10Z INFO Downloading: https://d2lzkl7pfhq30w.cloudfront.net/pub/fedora/linux/updates/30/Everything/x86_64/Packages/p/python3-libs-3.7.7-1.fc30.x86_64.rpm
2020-05-29T13:01:10Z INFO Downloading: https://d2lzkl7pfhq30w.cloudfront.net/pub/fedora/linux/updates/30/Everything/x86_64/Packages/q/qt5-srpm-macros-5.12.5-1.fc30.noarch.rpm
2020-05-29T13:01:10Z INFO Downloading: https://d2lzkl7pfhq30w.cloudfront.net/pub/fedora/linux/updates/30/Everything/x86_64/Packages/r/redhat-rpm-config-132-1.fc30.noarch.rpm
2020-05-29T13:01:10Z INFO Downloading: https://d2lzkl7pfhq30w.cloudfront.net/pub/fedora/linux/updates/30/Everything/x86_64/Packages/r/rpm-4.14.2.1-5.fc30.x86_64.rpm
2020-05-29T13:01:10Z INFO Downloading: https://d2lzkl7pfhq30w.cloudfront.net/pub/fedora/linux/updates/30/Everything/x86_64/Packages/r/rpm-build-4.14.2.1-5.fc30.x86_64.rpm
2020-05-29T13:01:10Z INFO Downloading: https://d2lzkl7pfhq30w.cloudfront.net/pub/fedora/linux/updates/30/Everything/x86_64/Packages/r/rpm-build-libs-4.14.2.1-5.fc30.x86_64.rpm
2020-05-29T13:01:10Z INFO Downloading: https://d2lzkl7pfhq30w.cloudfront.net/pub/fedora/linux/updates/30/Everything/x86_64/Packages/r/rpm-libs-4.14.2.1-5.fc30.x86_64.rpm
2020-05-29T13:01:10Z INFO Downloading: https://d2lzkl7pfhq30w.cloudfront.net/pub/fedora/linux/updates/30/Everything/x86_64/Packages/r/rust-srpm-macros-10-1.fc30.noarch.rpm
2020-05-29T13:01:10Z INFO Downloading: https://d2lzkl7pfhq30w.cloudfront.net/pub/fedora/linux/updates/30/Everything/x86_64/Packages/s/setup-2.13.6-1.fc30.noarch.rpm
2020-05-29T13:01:10Z INFO Downloading: https://d2lzkl7pfhq30w.cloudfront.net/pub/fedora/linux/updates/30/Everything/x86_64/Packages/s/shadow-utils-4.6-9.fc30.x86_64.rpm
2020-05-29T13:01:10Z INFO Downloading: https://d2lzkl7pfhq30w.cloudfront.net/pub/fedora/linux/updates/30/Everything/x86_64/Packages/s/source-highlight-3.1.9-1.fc30.x86_64.rpm
2020-05-29T13:01:10Z INFO Downloading: https://d2lzkl7pfhq30w.cloudfront.net/pub/fedora/linux/updates/30/Everything/x86_64/Packages/s/sqlite-libs-3.26.0-7.fc30.x86_64.rpm
2020-05-29T13:01:10Z INFO Downloading: https://d2lzkl7pfhq30w.cloudfront.net/pub/fedora/linux/updates/30/Everything/x86_64/Packages/s/systemd-libs-241-14.git18dd3fb.fc30.x86_64.rpm
2020-05-29T13:01:10Z INFO Downloading: https://d2lzkl7pfhq30w.cloudfront.net/pub/fedora/linux/updates/30/Everything/x86_64/Packages/t/tzdata-2020a-1.fc30.noarch.rpm
2020-05-29T13:01:10Z INFO Downloading: https://d2lzkl7pfhq30w.cloudfront.net/pub/fedora/linux/updates/30/Everything/x86_64/Packages/u/util-linux-2.33.2-2.fc30.x86_64.rpm
2020-05-29T13:01:10Z INFO Downloading: https://d2lzkl7pfhq30w.cloudfront.net/pub/fedora/linux/updates/30/Everything/x86_64/Packages/z/zlib-1.2.11-19.fc30.x86_64.rpm
2020-05-29T13:01:10Z INFO Downloading: https://d2lzkl7pfhq30w.cloudfront.net/pub/fedora/linux/updates/30/Everything/x86_64/Packages/z/zstd-1.4.4-1.fc30.x86_64.rpm
2020-05-29T13:01:10Z INFO Downloading: file:///usr/share/distribution-gpg-keys/fedora/RPM-GPG-KEY-fedora-30-primary
