2020-05-29T13:00:31Z INFO --- logging initialized ---
2020-05-29T13:01:12Z SUBDEBUG Installed: libgcc-9.3.1-2.fc30.x86_64
2020-05-29T13:01:12Z SUBDEBUG Installed: tzdata-2020a-1.fc30.noarch
2020-05-29T13:01:13Z SUBDEBUG Installed: rust-srpm-macros-10-1.fc30.noarch
2020-05-29T13:01:13Z SUBDEBUG Installed: qt5-srpm-macros-5.12.5-1.fc30.noarch
2020-05-29T13:01:13Z SUBDEBUG Installed: python-setuptools-wheel-40.8.0-2.fc30.noarch
2020-05-29T13:01:13Z SUBDEBUG Installed: pcre2-syntax-10.34-9.fc30.noarch
2020-05-29T13:01:13Z SUBDEBUG Installed: nim-srpm-macros-2-1.fc30.noarch
2020-05-29T13:01:13Z SUBDEBUG Installed: libssh-config-0.9.3-1.fc30.noarch
2020-05-29T13:01:13Z SUBDEBUG Installed: fedora-gpg-keys-30-4.noarch
2020-05-29T13:01:13Z SUBDEBUG Installed: fedora-release-30-6.noarch
2020-05-29T13:01:13Z SUBDEBUG Installed: fedora-repos-30-4.noarch
2020-05-29T13:01:13Z SUBDEBUG Installed: fedora-release-common-30-6.noarch
2020-05-29T13:01:13Z SUBDEBUG Installed: setup-2.13.6-1.fc30.noarch
2020-05-29T13:01:13Z INFO warning: /etc/hosts created as /etc/hosts.rpmnew

2020-05-29T13:01:13Z SUBDEBUG Installed: filesystem-3.10-1.fc30.x86_64
2020-05-29T13:01:13Z SUBDEBUG Installed: basesystem-11-7.fc30.noarch
2020-05-29T13:01:13Z SUBDEBUG Installed: coreutils-common-8.31-6.fc30.x86_64
2020-05-29T13:01:14Z SUBDEBUG Installed: publicsuffix-list-dafsa-20190128-2.fc30.noarch
2020-05-29T13:01:14Z SUBDEBUG Installed: pkgconf-m4-1.6.1-1.fc30.noarch
2020-05-29T13:01:14Z SUBDEBUG Installed: perl-srpm-macros-1-29.fc30.noarch
2020-05-29T13:01:14Z SUBDEBUG Installed: openblas-srpm-macros-2-5.fc30.noarch
2020-05-29T13:01:14Z SUBDEBUG Installed: ocaml-srpm-macros-5-5.fc30.noarch
2020-05-29T13:01:14Z SUBDEBUG Installed: ncurses-base-6.1-10.20180923.fc30.noarch
2020-05-29T13:01:14Z SUBDEBUG Installed: pcre2-10.34-9.fc30.x86_64
2020-05-29T13:01:14Z SUBDEBUG Installed: libselinux-2.9-3.1.fc30.x86_64
2020-05-29T13:01:14Z SUBDEBUG Installed: ncurses-libs-6.1-10.20180923.fc30.x86_64
2020-05-29T13:01:14Z SUBDEBUG Installed: glibc-minimal-langpack-2.29-29.fc30.x86_64
2020-05-29T13:01:14Z SUBDEBUG Installed: glibc-common-2.29-29.fc30.x86_64
2020-05-29T13:01:14Z SUBDEBUG Installed: glibc-2.29-29.fc30.x86_64
2020-05-29T13:01:15Z SUBDEBUG Installed: bash-5.0.11-1.fc30.x86_64
2020-05-29T13:01:15Z SUBDEBUG Installed: libsepol-2.9-1.fc30.x86_64
2020-05-29T13:01:15Z SUBDEBUG Installed: zlib-1.2.11-19.fc30.x86_64
2020-05-29T13:01:15Z SUBDEBUG Installed: bzip2-libs-1.0.6-29.fc30.x86_64
2020-05-29T13:01:15Z SUBDEBUG Installed: xz-libs-5.2.4-5.fc30.x86_64
2020-05-29T13:01:15Z SUBDEBUG Installed: libstdc++-9.3.1-2.fc30.x86_64
2020-05-29T13:01:15Z SUBDEBUG Installed: elfutils-libelf-0.179-2.fc30.x86_64
2020-05-29T13:01:15Z SUBDEBUG Installed: libuuid-2.33.2-2.fc30.x86_64
2020-05-29T13:01:15Z SUBDEBUG Installed: libxcrypt-4.4.16-3.fc30.x86_64
2020-05-29T13:01:15Z SUBDEBUG Installed: libdb-5.3.28-37.fc30.x86_64
2020-05-29T13:01:15Z SUBDEBUG Installed: popt-1.16-17.fc30.x86_64
2020-05-29T13:01:15Z SUBDEBUG Installed: gmp-1:6.1.2-10.fc30.x86_64
2020-05-29T13:01:15Z SUBDEBUG Installed: libattr-2.4.48-5.fc30.x86_64
2020-05-29T13:01:15Z SUBDEBUG Installed: libacl-2.2.53-3.fc30.x86_64
2020-05-29T13:01:15Z SUBDEBUG Installed: sed-4.5-3.fc30.x86_64
2020-05-29T13:01:15Z SUBDEBUG Installed: libffi-3.1-19.fc30.x86_64
2020-05-29T13:01:15Z SUBDEBUG Installed: readline-8.0-2.fc30.x86_64
2020-05-29T13:01:15Z SUBDEBUG Installed: libcom_err-1.44.6-2.fc30.x86_64
2020-05-29T13:01:15Z SUBDEBUG Installed: libcap-2.26-5.fc30.x86_64
2020-05-29T13:01:15Z SUBDEBUG Installed: libunistring-0.9.10-5.fc30.x86_64
2020-05-29T13:01:15Z SUBDEBUG Installed: expat-2.2.8-1.fc30.x86_64
2020-05-29T13:01:15Z SUBDEBUG Installed: libzstd-1.4.4-1.fc30.x86_64
2020-05-29T13:01:15Z SUBDEBUG Installed: libidn2-2.3.0-1.fc30.x86_64
2020-05-29T13:01:15Z SUBDEBUG Installed: p11-kit-0.23.20-1.fc30.x86_64
2020-05-29T13:01:16Z SUBDEBUG Installed: mpfr-3.1.6-4.fc30.x86_64
2020-05-29T13:01:16Z SUBDEBUG Installed: unzip-6.0-43.fc30.x86_64
2020-05-29T13:01:16Z SUBDEBUG Installed: file-libs-5.36-5.fc30.x86_64
2020-05-29T13:01:16Z SUBDEBUG Installed: file-5.36-5.fc30.x86_64
2020-05-29T13:01:16Z SUBDEBUG Installed: elfutils-default-yama-scope-0.179-2.fc30.noarch
2020-05-29T13:01:16Z SUBDEBUG Installed: elfutils-libs-0.179-2.fc30.x86_64
2020-05-29T13:01:16Z SUBDEBUG Installed: alternatives-1.11-4.fc30.x86_64
2020-05-29T13:01:16Z SUBDEBUG Installed: findutils-1:4.6.0-22.fc30.x86_64
2020-05-29T13:01:16Z SUBDEBUG Installed: libcap-ng-0.7.9-7.fc30.x86_64
2020-05-29T13:01:16Z SUBDEBUG Installed: audit-libs-3.0-0.15.20191104git1c2f876.fc30.x86_64
2020-05-29T13:01:16Z SUBDEBUG Installed: lua-libs-5.3.5-5.fc30.x86_64
2020-05-29T13:01:16Z SUBDEBUG Installed: lz4-libs-1.9.1-1.fc30.x86_64
2020-05-29T13:01:16Z SUBDEBUG Installed: pcre-8.44-1.fc30.x86_64
2020-05-29T13:01:16Z SUBDEBUG Installed: grep-3.1-9.fc30.x86_64
2020-05-29T13:01:16Z SUBDEBUG Installed: xz-5.2.4-5.fc30.x86_64
2020-05-29T13:01:16Z SUBDEBUG Installed: libsemanage-2.9-1.fc30.x86_64
2020-05-29T13:01:16Z SUBDEBUG Installed: elfutils-0.179-2.fc30.x86_64
2020-05-29T13:01:16Z SUBDEBUG Installed: zip-3.0-24.fc30.x86_64
2020-05-29T13:01:16Z SUBDEBUG Installed: libpsl-0.20.2-6.fc30.x86_64
2020-05-29T13:01:16Z SUBDEBUG Installed: libmetalink-0.1.3-8.fc30.x86_64
2020-05-29T13:01:16Z SUBDEBUG Installed: tar-2:1.32-1.fc30.x86_64
2020-05-29T13:01:16Z SUBDEBUG Installed: patch-2.7.6-11.fc30.x86_64
2020-05-29T13:01:16Z SUBDEBUG Installed: libdb-utils-5.3.28-37.fc30.x86_64
2020-05-29T13:01:16Z SUBDEBUG Installed: dwz-0.12-10.fc30.x86_64
2020-05-29T13:01:16Z SUBDEBUG Installed: libicu-63.2-2.fc30.x86_64
2020-05-29T13:01:18Z SUBDEBUG Installed: boost-regex-1.69.0-9.fc30.x86_64
2020-05-29T13:01:18Z SUBDEBUG Installed: zstd-1.4.4-1.fc30.x86_64
2020-05-29T13:01:18Z SUBDEBUG Installed: libxml2-2.9.10-3.fc30.x86_64
2020-05-29T13:01:18Z SUBDEBUG Installed: bzip2-1.0.6-29.fc30.x86_64
2020-05-29T13:01:18Z SUBDEBUG Installed: sqlite-libs-3.26.0-7.fc30.x86_64
2020-05-29T13:01:18Z SUBDEBUG Installed: brotli-1.0.7-3.fc30.x86_64
2020-05-29T13:01:18Z SUBDEBUG Installed: cpio-2.12-10.fc30.x86_64
2020-05-29T13:01:18Z SUBDEBUG Installed: ctags-5.8-25.fc30.x86_64
2020-05-29T13:01:18Z SUBDEBUG Installed: source-highlight-3.1.9-1.fc30.x86_64
2020-05-29T13:01:18Z SUBDEBUG Installed: diffutils-3.7-2.fc30.x86_64
2020-05-29T13:01:18Z SUBDEBUG Installed: gdbm-libs-1:1.18-4.fc30.x86_64
2020-05-29T13:01:18Z SUBDEBUG Installed: keyutils-libs-1.6-2.fc30.x86_64
2020-05-29T13:01:18Z SUBDEBUG Installed: libatomic_ops-7.6.6-2.fc30.x86_64
2020-05-29T13:01:18Z SUBDEBUG Installed: gc-7.6.4-5.fc30.x86_64
2020-05-29T13:01:18Z SUBDEBUG Installed: libgpg-error-1.33-2.fc30.x86_64
2020-05-29T13:01:18Z SUBDEBUG Installed: libgcrypt-1.8.5-1.fc30.x86_64
2020-05-29T13:01:18Z SUBDEBUG Installed: libipt-2.0-2.fc30.x86_64
2020-05-29T13:01:18Z SUBDEBUG Installed: libpkgconf-1.6.1-1.fc30.x86_64
2020-05-29T13:01:18Z SUBDEBUG Installed: pkgconf-1.6.1-1.fc30.x86_64
2020-05-29T13:01:18Z SUBDEBUG Installed: pkgconf-pkg-config-1.6.1-1.fc30.x86_64
2020-05-29T13:01:18Z SUBDEBUG Installed: libsigsegv-2.11-7.fc30.x86_64
2020-05-29T13:01:18Z SUBDEBUG Installed: gawk-4.2.1-6.fc30.x86_64
2020-05-29T13:01:19Z SUBDEBUG Installed: libtasn1-4.13-7.fc30.x86_64
2020-05-29T13:01:19Z SUBDEBUG Installed: p11-kit-trust-0.23.20-1.fc30.x86_64
2020-05-29T13:01:19Z SUBDEBUG Installed: libtool-ltdl-2.4.6-29.fc30.x86_64
2020-05-29T13:01:19Z SUBDEBUG Installed: libverto-0.3.0-7.fc30.x86_64
2020-05-29T13:01:19Z SUBDEBUG Installed: ncurses-6.1-10.20180923.fc30.x86_64
2020-05-29T13:01:19Z SUBDEBUG Installed: openssl-libs-1:1.1.1g-1.fc30.x86_64
2020-05-29T13:01:19Z SUBDEBUG Installed: coreutils-8.31-6.fc30.x86_64
2020-05-29T13:01:19Z SUBDEBUG Installed: crypto-policies-20190527-1.git0b3add8.fc30.noarch
2020-05-29T13:01:19Z SUBDEBUG Installed: ca-certificates-2020.2.40-1.1.fc30.noarch
2020-05-29T13:01:20Z SUBDEBUG Installed: krb5-libs-1.17-15.fc30.x86_64
2020-05-29T13:01:20Z SUBDEBUG Installed: libtirpc-1.2.6-0.fc30.x86_64
2020-05-29T13:01:20Z SUBDEBUG Installed: libblkid-2.33.2-2.fc30.x86_64
2020-05-29T13:01:20Z SUBDEBUG Installed: libmount-2.33.2-2.fc30.x86_64
2020-05-29T13:01:20Z SUBDEBUG Installed: libnsl2-1.2.0-4.20180605git4a062cf.fc30.x86_64
2020-05-29T13:01:20Z SUBDEBUG Installed: gzip-1.9-9.fc30.x86_64
2020-05-29T13:01:20Z SUBDEBUG Installed: cracklib-2.9.6-19.fc30.x86_64
2020-05-29T13:01:20Z SUBDEBUG Installed: libpwquality-1.4.0-12.fc30.x86_64
2020-05-29T13:01:20Z SUBDEBUG Installed: pam-1.3.1-17.fc30.x86_64
2020-05-29T13:01:20Z SUBDEBUG Installed: glib2-2.60.7-3.fc30.x86_64
2020-05-29T13:01:20Z SUBDEBUG Installed: libbabeltrace-1.5.6-2.fc30.x86_64
2020-05-29T13:01:21Z SUBDEBUG Installed: libfdisk-2.33.2-2.fc30.x86_64
2020-05-29T13:01:21Z SUBDEBUG Installed: cyrus-sasl-lib-2.1.27-0.6rc7.fc30.x86_64
2020-05-29T13:01:21Z SUBDEBUG Installed: openldap-2.4.47-1.fc30.x86_64
2020-05-29T13:01:21Z SUBDEBUG Installed: libssh-0.9.3-1.fc30.x86_64
2020-05-29T13:01:21Z SUBDEBUG Installed: python-pip-wheel-19.0.3-7.fc30.noarch
2020-05-29T13:01:21Z SUBDEBUG Installed: python3-libs-3.7.7-1.fc30.x86_64
2020-05-29T13:01:22Z SUBDEBUG Installed: guile22-2.2.4-3.fc30.x86_64
2020-05-29T13:01:23Z SUBDEBUG Installed: binutils-2.31.1-37.fc30.x86_64
2020-05-29T13:01:24Z SUBDEBUG Installed: shadow-utils-2:4.6-9.fc30.x86_64
2020-05-29T13:01:24Z SUBDEBUG Installed: libutempter-1.1.6-16.fc30.x86_64
2020-05-29T13:01:24Z SUBDEBUG Installed: systemd-libs-241-14.git18dd3fb.fc30.x86_64
2020-05-29T13:01:24Z SUBDEBUG Installed: libarchive-3.3.3-7.fc30.x86_64
2020-05-29T13:01:25Z SUBDEBUG Installed: libnghttp2-1.40.0-1.fc30.x86_64
2020-05-29T13:01:25Z SUBDEBUG Installed: libcurl-7.65.3-4.fc30.x86_64
2020-05-29T13:01:25Z SUBDEBUG Installed: curl-7.65.3-4.fc30.x86_64
2020-05-29T13:01:25Z SUBDEBUG Installed: rpm-4.14.2.1-5.fc30.x86_64
2020-05-29T13:01:25Z SUBDEBUG Installed: rpm-libs-4.14.2.1-5.fc30.x86_64
2020-05-29T13:01:25Z SUBDEBUG Installed: gdb-headless-8.3-7.fc30.x86_64
2020-05-29T13:01:25Z SUBDEBUG Installed: rpm-build-libs-4.14.2.1-5.fc30.x86_64
2020-05-29T13:01:25Z SUBDEBUG Installed: efi-srpm-macros-4-2.fc30.noarch
2020-05-29T13:01:25Z SUBDEBUG Installed: libsmartcols-2.33.2-2.fc30.x86_64
2020-05-29T13:01:25Z SUBDEBUG Installed: go-srpm-macros-2-19.fc30.noarch
2020-05-29T13:01:25Z SUBDEBUG Installed: gnat-srpm-macros-4-9.fc30.noarch
2020-05-29T13:01:25Z SUBDEBUG Installed: ghc-srpm-macros-1.4.2-9.fc30.noarch
2020-05-29T13:01:25Z SUBDEBUG Installed: fpc-srpm-macros-1.2-1.fc30.noarch
2020-05-29T13:01:25Z SUBDEBUG Installed: python-srpm-macros-3-47.fc30.noarch
2020-05-29T13:01:25Z SUBDEBUG Installed: redhat-rpm-config-132-1.fc30.noarch
2020-05-29T13:01:25Z SUBDEBUG Installed: rpm-build-4.14.2.1-5.fc30.x86_64
2020-05-29T13:01:25Z SUBDEBUG Installed: util-linux-2.33.2-2.fc30.x86_64
2020-05-29T13:01:26Z SUBDEBUG Installed: make-1:4.2.1-14.fc30.x86_64
2020-05-29T13:01:26Z SUBDEBUG Installed: info-6.6-1.fc30.x86_64
2020-05-29T13:01:26Z SUBDEBUG Installed: which-2.21-14.fc30.x86_64
